2022-12-19 20:33:31,800 [Worker-6: Loading available Gradle versions] INFO  o.e.b.c.i.u.g.PublishedGradleVersions - Gradle version information cache is out-of-date. Trying to update.
2022-12-20 12:07:24,655 [Worker-6: Loading available Gradle versions] INFO  o.e.b.c.i.u.g.PublishedGradleVersions - Gradle version information cache is up-to-date. Trying to read.
2022-12-20 12:09:26,331 [Worker-2: Loading available Gradle versions] INFO  o.e.b.c.i.u.g.PublishedGradleVersions - Gradle version information cache is up-to-date. Trying to read.
2022-12-20 12:10:45,324 [Worker-12: Importing Maven projects] INFO  o.e.m.c.i.l.LifecycleMappingFactory - Using org.eclipse.m2e.jdt.JarLifecycleMapping lifecycle mapping for MavenProject: com.anon:learn-spring-framework:0.0.1-SNAPSHOT @ C:\Users\anonh\Documents\Spring - in28Minutes\learn-spring-framework\pom.xml.
2022-12-20 12:10:46,619 [Worker-12: Importing Maven projects] INFO  o.e.m.j.i.AbstractJavaProjectConfigurator - Adding source folder /learn-spring-framework/src/main/java
2022-12-20 12:10:46,619 [Worker-12: Importing Maven projects] INFO  o.e.m.j.i.AbstractJavaProjectConfigurator - Adding resource folder /learn-spring-framework/src/main/resources
2022-12-20 12:10:46,623 [Worker-12: Importing Maven projects] INFO  o.e.m.j.i.AbstractJavaProjectConfigurator - Adding resource folder /learn-spring-framework/src/main/resources
2022-12-20 12:10:46,627 [Worker-12: Importing Maven projects] INFO  o.e.m.j.i.AbstractJavaProjectConfigurator - Adding source folder /learn-spring-framework/src/test/java
2022-12-20 12:10:47,438 [Worker-12: Importing Maven projects] INFO  o.e.m.c.i.p.ProjectConfigurationManager - Imported and configured 1 project(s) in 3 sec
2022-12-20 16:47:57,264 [Worker-6: Loading available Gradle versions] INFO  o.e.b.c.i.u.g.PublishedGradleVersions - Gradle version information cache is up-to-date. Trying to read.
2022-12-20 16:54:36,888 [Worker-5: Building] INFO  o.a.m.s.f.DefaultMavenResourcesFiltering - Copying 1 resource
2022-12-20 16:54:36,904 [Worker-5: Building] INFO  o.a.m.s.f.DefaultMavenResourcesFiltering - Copying 0 resource
2022-12-20 16:54:36,910 [Worker-5: Building] INFO  o.a.m.s.f.DefaultMavenResourcesFiltering - skip non existing resourceDirectory C:\Users\anonh\Documents\Spring - in28Minutes\learn-spring-framework\src\test\resources
2022-12-20 16:55:16,870 [Worker-40: Building] INFO  o.a.m.s.f.DefaultMavenResourcesFiltering - Copying 1 resource
2022-12-20 16:55:16,895 [Worker-40: Building] INFO  o.a.m.s.f.DefaultMavenResourcesFiltering - Copying 0 resource
2022-12-20 16:55:16,899 [Worker-40: Building] INFO  o.a.m.s.f.DefaultMavenResourcesFiltering - skip non existing resourceDirectory C:\Users\anonh\Documents\Spring - in28Minutes\learn-spring-framework\src\test\resources
2022-12-20 16:56:17,955 [Worker-29: Launching AppGamingBasicJava] INFO  o.a.m.s.f.DefaultMavenResourcesFiltering - Copying 1 resource
2022-12-20 16:56:17,981 [Worker-29: Launching AppGamingBasicJava] INFO  o.a.m.s.f.DefaultMavenResourcesFiltering - Copying 0 resource
2022-12-20 16:56:17,985 [Worker-29: Launching AppGamingBasicJava] INFO  o.a.m.s.f.DefaultMavenResourcesFiltering - skip non existing resourceDirectory C:\Users\anonh\Documents\Spring - in28Minutes\learn-spring-framework\src\test\resources
2022-12-20 16:56:39,639 [Worker-29: Launching AppGamingBasicJava] INFO  o.a.m.s.f.DefaultMavenResourcesFiltering - Copying 1 resource
2022-12-20 16:56:39,664 [Worker-29: Launching AppGamingBasicJava] INFO  o.a.m.s.f.DefaultMavenResourcesFiltering - Copying 0 resource
2022-12-20 16:56:39,667 [Worker-29: Launching AppGamingBasicJava] INFO  o.a.m.s.f.DefaultMavenResourcesFiltering - skip non existing resourceDirectory C:\Users\anonh\Documents\Spring - in28Minutes\learn-spring-framework\src\test\resources
2022-12-20 17:10:36,318 [Worker-39: Building] INFO  o.a.m.s.f.DefaultMavenResourcesFiltering - Copying 1 resource
2022-12-20 17:10:36,327 [Worker-39: Building] INFO  o.a.m.s.f.DefaultMavenResourcesFiltering - Copying 0 resource
2022-12-20 17:10:36,330 [Worker-39: Building] INFO  o.a.m.s.f.DefaultMavenResourcesFiltering - skip non existing resourceDirectory C:\Users\anonh\Documents\Spring - in28Minutes\learn-spring-framework\src\test\resources
2022-12-20 17:11:26,239 [Worker-39: Building] INFO  o.e.m.c.i.l.LifecycleMappingFactory - Using org.eclipse.m2e.jdt.JarLifecycleMapping lifecycle mapping for MavenProject: com.anon:learn-spring-framework:0.0.1-SNAPSHOT @ C:\Users\anonh\eclipse-workspace\learn-spring-framework2\pom.xml.
2022-12-20 17:11:26,489 [Worker-39: Building] INFO  o.a.m.s.f.DefaultMavenResourcesFiltering - Copying 1 resource
2022-12-20 17:11:26,506 [Worker-39: Building] INFO  o.a.m.s.f.DefaultMavenResourcesFiltering - Copying 0 resource
2022-12-20 17:11:26,511 [Worker-39: Building] INFO  o.a.m.s.f.DefaultMavenResourcesFiltering - skip non existing resourceDirectory C:\Users\anonh\eclipse-workspace\learn-spring-framework2\src\test\resources
2022-12-20 17:11:27,728 [Worker-39: Building] INFO  o.a.m.s.f.DefaultMavenResourcesFiltering - Copying 1 resource
2022-12-20 17:11:27,730 [Worker-39: Building] INFO  o.a.m.s.f.DefaultMavenResourcesFiltering - Copying 0 resource
2022-12-20 17:11:27,734 [Worker-39: Building] INFO  o.a.m.s.f.DefaultMavenResourcesFiltering - skip non existing resourceDirectory C:\Users\anonh\eclipse-workspace\learn-spring-framework2\src\test\resources
2022-12-20 17:12:13,246 [Worker-29: Building] INFO  o.a.m.s.f.DefaultMavenResourcesFiltering - Copying 1 resource
2022-12-20 17:12:13,261 [Worker-29: Building] INFO  o.a.m.s.f.DefaultMavenResourcesFiltering - Copying 0 resource
2022-12-20 17:12:13,265 [Worker-29: Building] INFO  o.a.m.s.f.DefaultMavenResourcesFiltering - skip non existing resourceDirectory C:\Users\anonh\eclipse-workspace\learn-spring-framework2\src\test\resources
2022-12-20 17:13:34,932 [Worker-43: Building] INFO  o.a.m.s.f.DefaultMavenResourcesFiltering - Copying 1 resource
2022-12-20 17:13:34,941 [Worker-43: Building] INFO  o.a.m.s.f.DefaultMavenResourcesFiltering - Copying 0 resource
2022-12-20 17:13:34,945 [Worker-43: Building] INFO  o.a.m.s.f.DefaultMavenResourcesFiltering - skip non existing resourceDirectory C:\Users\anonh\eclipse-workspace\learn-spring-framework2\src\test\resources
2022-12-20 17:25:34,539 [Worker-45: Building] INFO  o.a.m.s.f.DefaultMavenResourcesFiltering - Copying 1 resource
2022-12-20 17:25:34,560 [Worker-45: Building] INFO  o.a.m.s.f.DefaultMavenResourcesFiltering - Copying 0 resource
2022-12-20 17:25:34,566 [Worker-45: Building] INFO  o.a.m.s.f.DefaultMavenResourcesFiltering - skip non existing resourceDirectory C:\Users\anonh\eclipse-workspace\learn-spring-framework2\src\test\resources
2022-12-20 17:26:39,698 [Worker-44: Building] INFO  o.a.m.s.f.DefaultMavenResourcesFiltering - Copying 1 resource
2022-12-20 17:26:39,706 [Worker-44: Building] INFO  o.a.m.s.f.DefaultMavenResourcesFiltering - Copying 0 resource
2022-12-20 17:26:39,711 [Worker-44: Building] INFO  o.a.m.s.f.DefaultMavenResourcesFiltering - skip non existing resourceDirectory C:\Users\anonh\eclipse-workspace\learn-spring-framework2\src\test\resources
2022-12-20 17:28:07,019 [Worker-44: Building] INFO  o.a.m.s.f.DefaultMavenResourcesFiltering - Copying 1 resource
2022-12-20 17:28:07,027 [Worker-44: Building] INFO  o.a.m.s.f.DefaultMavenResourcesFiltering - Copying 0 resource
2022-12-20 17:28:07,030 [Worker-44: Building] INFO  o.a.m.s.f.DefaultMavenResourcesFiltering - skip non existing resourceDirectory C:\Users\anonh\eclipse-workspace\learn-spring-framework2\src\test\resources
2022-12-20 17:30:36,039 [Worker-44: Building] INFO  o.a.m.s.f.DefaultMavenResourcesFiltering - Copying 1 resource
2022-12-20 17:30:36,065 [Worker-44: Building] INFO  o.a.m.s.f.DefaultMavenResourcesFiltering - Copying 0 resource
2022-12-20 17:30:36,068 [Worker-44: Building] INFO  o.a.m.s.f.DefaultMavenResourcesFiltering - skip non existing resourceDirectory C:\Users\anonh\eclipse-workspace\learn-spring-framework2\src\test\resources
2022-12-20 17:38:40,910 [Worker-51: Building] INFO  o.a.m.s.f.DefaultMavenResourcesFiltering - Copying 1 resource
2022-12-20 17:38:40,923 [Worker-51: Building] INFO  o.a.m.s.f.DefaultMavenResourcesFiltering - Copying 0 resource
2022-12-20 17:38:40,926 [Worker-51: Building] INFO  o.a.m.s.f.DefaultMavenResourcesFiltering - skip non existing resourceDirectory C:\Users\anonh\eclipse-workspace\learn-spring-framework2\src\test\resources
2022-12-20 17:39:36,254 [Worker-53: Launching HelloWorldSpring] INFO  o.a.m.s.f.DefaultMavenResourcesFiltering - Copying 1 resource
2022-12-20 17:39:36,273 [Worker-53: Launching HelloWorldSpring] INFO  o.a.m.s.f.DefaultMavenResourcesFiltering - Copying 0 resource
2022-12-20 17:39:36,276 [Worker-53: Launching HelloWorldSpring] INFO  o.a.m.s.f.DefaultMavenResourcesFiltering - skip non existing resourceDirectory C:\Users\anonh\eclipse-workspace\learn-spring-framework2\src\test\resources
2022-12-20 17:45:27,381 [Worker-56: Building] INFO  o.a.m.s.f.DefaultMavenResourcesFiltering - Copying 1 resource
2022-12-20 17:45:27,395 [Worker-56: Building] INFO  o.a.m.s.f.DefaultMavenResourcesFiltering - Copying 0 resource
2022-12-20 17:45:27,400 [Worker-56: Building] INFO  o.a.m.s.f.DefaultMavenResourcesFiltering - skip non existing resourceDirectory C:\Users\anonh\eclipse-workspace\learn-spring-framework2\src\test\resources
2022-12-20 17:45:56,667 [Worker-58: Building] INFO  o.a.m.s.f.DefaultMavenResourcesFiltering - Copying 1 resource
2022-12-20 17:45:56,677 [Worker-58: Building] INFO  o.a.m.s.f.DefaultMavenResourcesFiltering - Copying 0 resource
2022-12-20 17:45:56,681 [Worker-58: Building] INFO  o.a.m.s.f.DefaultMavenResourcesFiltering - skip non existing resourceDirectory C:\Users\anonh\eclipse-workspace\learn-spring-framework2\src\test\resources
2022-12-20 17:50:37,131 [Worker-56: Building] INFO  o.a.m.s.f.DefaultMavenResourcesFiltering - Copying 1 resource
2022-12-20 17:50:37,140 [Worker-56: Building] INFO  o.a.m.s.f.DefaultMavenResourcesFiltering - Copying 0 resource
2022-12-20 17:50:37,143 [Worker-56: Building] INFO  o.a.m.s.f.DefaultMavenResourcesFiltering - skip non existing resourceDirectory C:\Users\anonh\eclipse-workspace\learn-spring-framework2\src\test\resources
2022-12-20 17:51:18,435 [Worker-57: Building] INFO  o.a.m.s.f.DefaultMavenResourcesFiltering - Copying 1 resource
2022-12-20 17:51:18,445 [Worker-57: Building] INFO  o.a.m.s.f.DefaultMavenResourcesFiltering - Copying 0 resource
2022-12-20 17:51:18,448 [Worker-57: Building] INFO  o.a.m.s.f.DefaultMavenResourcesFiltering - skip non existing resourceDirectory C:\Users\anonh\eclipse-workspace\learn-spring-framework2\src\test\resources
2022-12-20 18:01:17,438 [Worker-65: Building] INFO  o.a.m.s.f.DefaultMavenResourcesFiltering - Copying 1 resource
2022-12-20 18:01:17,451 [Worker-65: Building] INFO  o.a.m.s.f.DefaultMavenResourcesFiltering - Copying 0 resource
2022-12-20 18:01:17,455 [Worker-65: Building] INFO  o.a.m.s.f.DefaultMavenResourcesFiltering - skip non existing resourceDirectory C:\Users\anonh\eclipse-workspace\learn-spring-framework2\src\test\resources
2022-12-20 18:01:51,255 [Worker-65: Building] INFO  o.a.m.s.f.DefaultMavenResourcesFiltering - Copying 1 resource
2022-12-20 18:01:51,263 [Worker-65: Building] INFO  o.a.m.s.f.DefaultMavenResourcesFiltering - Copying 0 resource
2022-12-20 18:01:51,268 [Worker-65: Building] INFO  o.a.m.s.f.DefaultMavenResourcesFiltering - skip non existing resourceDirectory C:\Users\anonh\eclipse-workspace\learn-spring-framework2\src\test\resources
2022-12-20 18:08:31,038 [Worker-67: Building] INFO  o.a.m.s.f.DefaultMavenResourcesFiltering - Copying 1 resource
2022-12-20 18:08:31,050 [Worker-67: Building] INFO  o.a.m.s.f.DefaultMavenResourcesFiltering - Copying 0 resource
2022-12-20 18:08:31,053 [Worker-67: Building] INFO  o.a.m.s.f.DefaultMavenResourcesFiltering - skip non existing resourceDirectory C:\Users\anonh\eclipse-workspace\learn-spring-framework2\src\test\resources
2022-12-20 18:09:12,725 [Worker-70: Building] INFO  o.a.m.s.f.DefaultMavenResourcesFiltering - Copying 1 resource
2022-12-20 18:09:12,733 [Worker-70: Building] INFO  o.a.m.s.f.DefaultMavenResourcesFiltering - Copying 0 resource
2022-12-20 18:09:12,736 [Worker-70: Building] INFO  o.a.m.s.f.DefaultMavenResourcesFiltering - skip non existing resourceDirectory C:\Users\anonh\eclipse-workspace\learn-spring-framework2\src\test\resources
2022-12-20 18:15:05,645 [Worker-72: Building] INFO  o.a.m.s.f.DefaultMavenResourcesFiltering - Copying 1 resource
2022-12-20 18:15:05,654 [Worker-72: Building] INFO  o.a.m.s.f.DefaultMavenResourcesFiltering - Copying 0 resource
2022-12-20 18:15:05,657 [Worker-72: Building] INFO  o.a.m.s.f.DefaultMavenResourcesFiltering - skip non existing resourceDirectory C:\Users\anonh\eclipse-workspace\learn-spring-framework2\src\test\resources
2022-12-20 18:15:15,882 [Worker-74: Building] INFO  o.a.m.s.f.DefaultMavenResourcesFiltering - Copying 1 resource
2022-12-20 18:15:15,892 [Worker-74: Building] INFO  o.a.m.s.f.DefaultMavenResourcesFiltering - Copying 0 resource
2022-12-20 18:15:15,895 [Worker-74: Building] INFO  o.a.m.s.f.DefaultMavenResourcesFiltering - skip non existing resourceDirectory C:\Users\anonh\eclipse-workspace\learn-spring-framework2\src\test\resources
2022-12-20 18:16:45,919 [Worker-75: Building] INFO  o.a.m.s.f.DefaultMavenResourcesFiltering - Copying 1 resource
2022-12-20 18:16:45,927 [Worker-75: Building] INFO  o.a.m.s.f.DefaultMavenResourcesFiltering - Copying 0 resource
2022-12-20 18:16:45,931 [Worker-75: Building] INFO  o.a.m.s.f.DefaultMavenResourcesFiltering - skip non existing resourceDirectory C:\Users\anonh\eclipse-workspace\learn-spring-framework2\src\test\resources
2022-12-20 18:17:21,286 [Worker-74: Building] INFO  o.a.m.s.f.DefaultMavenResourcesFiltering - Copying 1 resource
2022-12-20 18:17:21,293 [Worker-74: Building] INFO  o.a.m.s.f.DefaultMavenResourcesFiltering - Copying 0 resource
2022-12-20 18:17:21,297 [Worker-74: Building] INFO  o.a.m.s.f.DefaultMavenResourcesFiltering - skip non existing resourceDirectory C:\Users\anonh\eclipse-workspace\learn-spring-framework2\src\test\resources
2022-12-20 18:17:33,836 [Worker-75: Building] INFO  o.a.m.s.f.DefaultMavenResourcesFiltering - Copying 1 resource
2022-12-20 18:17:33,848 [Worker-75: Building] INFO  o.a.m.s.f.DefaultMavenResourcesFiltering - Copying 0 resource
2022-12-20 18:17:33,851 [Worker-75: Building] INFO  o.a.m.s.f.DefaultMavenResourcesFiltering - skip non existing resourceDirectory C:\Users\anonh\eclipse-workspace\learn-spring-framework2\src\test\resources
2022-12-20 18:17:59,629 [Worker-72: Building] INFO  o.a.m.s.f.DefaultMavenResourcesFiltering - Copying 1 resource
2022-12-20 18:17:59,636 [Worker-72: Building] INFO  o.a.m.s.f.DefaultMavenResourcesFiltering - Copying 0 resource
2022-12-20 18:17:59,639 [Worker-72: Building] INFO  o.a.m.s.f.DefaultMavenResourcesFiltering - skip non existing resourceDirectory C:\Users\anonh\eclipse-workspace\learn-spring-framework2\src\test\resources
2022-12-20 18:21:20,271 [Worker-77: Building] INFO  o.a.m.s.f.DefaultMavenResourcesFiltering - Copying 1 resource
2022-12-20 18:21:20,278 [Worker-77: Building] INFO  o.a.m.s.f.DefaultMavenResourcesFiltering - Copying 0 resource
2022-12-20 18:21:20,281 [Worker-77: Building] INFO  o.a.m.s.f.DefaultMavenResourcesFiltering - skip non existing resourceDirectory C:\Users\anonh\eclipse-workspace\learn-spring-framework2\src\test\resources
2022-12-20 18:22:10,109 [Worker-79: Building] INFO  o.a.m.s.f.DefaultMavenResourcesFiltering - Copying 1 resource
2022-12-20 18:22:10,119 [Worker-79: Building] INFO  o.a.m.s.f.DefaultMavenResourcesFiltering - Copying 0 resource
2022-12-20 18:22:10,122 [Worker-79: Building] INFO  o.a.m.s.f.DefaultMavenResourcesFiltering - skip non existing resourceDirectory C:\Users\anonh\eclipse-workspace\learn-spring-framework2\src\test\resources
2022-12-20 18:25:33,270 [Worker-81: Building] INFO  o.a.m.s.f.DefaultMavenResourcesFiltering - Copying 1 resource
2022-12-20 18:25:33,278 [Worker-81: Building] INFO  o.a.m.s.f.DefaultMavenResourcesFiltering - Copying 0 resource
2022-12-20 18:25:33,281 [Worker-81: Building] INFO  o.a.m.s.f.DefaultMavenResourcesFiltering - skip non existing resourceDirectory C:\Users\anonh\eclipse-workspace\learn-spring-framework2\src\test\resources
2022-12-20 18:30:51,378 [Worker-79: Building] INFO  o.a.m.s.f.DefaultMavenResourcesFiltering - Copying 1 resource
2022-12-20 18:30:51,397 [Worker-79: Building] INFO  o.a.m.s.f.DefaultMavenResourcesFiltering - Copying 0 resource
2022-12-20 18:30:51,400 [Worker-79: Building] INFO  o.a.m.s.f.DefaultMavenResourcesFiltering - skip non existing resourceDirectory C:\Users\anonh\eclipse-workspace\learn-spring-framework2\src\test\resources
2022-12-20 18:31:42,151 [Worker-79: Building] INFO  o.a.m.s.f.DefaultMavenResourcesFiltering - Copying 1 resource
2022-12-20 18:31:42,158 [Worker-79: Building] INFO  o.a.m.s.f.DefaultMavenResourcesFiltering - Copying 0 resource
2022-12-20 18:31:42,161 [Worker-79: Building] INFO  o.a.m.s.f.DefaultMavenResourcesFiltering - skip non existing resourceDirectory C:\Users\anonh\eclipse-workspace\learn-spring-framework2\src\test\resources
2022-12-20 19:39:12,047 [Worker-84: Launching HelloWorldSpring] INFO  o.a.m.s.f.DefaultMavenResourcesFiltering - Copying 1 resource
2022-12-20 19:39:12,063 [Worker-84: Launching HelloWorldSpring] INFO  o.a.m.s.f.DefaultMavenResourcesFiltering - Copying 0 resource
2022-12-20 19:39:12,065 [Worker-84: Launching HelloWorldSpring] INFO  o.a.m.s.f.DefaultMavenResourcesFiltering - skip non existing resourceDirectory C:\Users\anonh\eclipse-workspace\learn-spring-framework2\src\test\resources
2022-12-20 19:39:49,791 [Worker-86: Building] INFO  o.a.m.s.f.DefaultMavenResourcesFiltering - Copying 1 resource
2022-12-20 19:39:49,804 [Worker-86: Building] INFO  o.a.m.s.f.DefaultMavenResourcesFiltering - Copying 0 resource
2022-12-20 19:39:49,805 [Worker-86: Building] INFO  o.a.m.s.f.DefaultMavenResourcesFiltering - skip non existing resourceDirectory C:\Users\anonh\eclipse-workspace\learn-spring-framework2\src\test\resources
2022-12-20 19:39:57,786 [Worker-86: Building] INFO  o.a.m.s.f.DefaultMavenResourcesFiltering - Copying 1 resource
2022-12-20 19:39:57,800 [Worker-86: Building] INFO  o.a.m.s.f.DefaultMavenResourcesFiltering - Copying 0 resource
2022-12-20 19:39:57,802 [Worker-86: Building] INFO  o.a.m.s.f.DefaultMavenResourcesFiltering - skip non existing resourceDirectory C:\Users\anonh\eclipse-workspace\learn-spring-framework2\src\test\resources
2022-12-20 19:42:52,407 [Worker-90: Building] INFO  o.a.m.s.f.DefaultMavenResourcesFiltering - Copying 1 resource
2022-12-20 19:42:52,411 [Worker-90: Building] INFO  o.a.m.s.f.DefaultMavenResourcesFiltering - Copying 0 resource
2022-12-20 19:42:52,412 [Worker-90: Building] INFO  o.a.m.s.f.DefaultMavenResourcesFiltering - skip non existing resourceDirectory C:\Users\anonh\eclipse-workspace\learn-spring-framework2\src\test\resources
2022-12-20 19:43:45,973 [Worker-90: Launching HelloWorldSpring] INFO  o.a.m.s.f.DefaultMavenResourcesFiltering - Copying 1 resource
2022-12-20 19:43:45,978 [Worker-90: Launching HelloWorldSpring] INFO  o.a.m.s.f.DefaultMavenResourcesFiltering - Copying 0 resource
2022-12-20 19:43:45,980 [Worker-90: Launching HelloWorldSpring] INFO  o.a.m.s.f.DefaultMavenResourcesFiltering - skip non existing resourceDirectory C:\Users\anonh\eclipse-workspace\learn-spring-framework2\src\test\resources
2022-12-20 19:45:14,161 [Worker-92: Building] INFO  o.a.m.s.f.DefaultMavenResourcesFiltering - Copying 1 resource
2022-12-20 19:45:14,166 [Worker-92: Building] INFO  o.a.m.s.f.DefaultMavenResourcesFiltering - Copying 0 resource
2022-12-20 19:45:14,168 [Worker-92: Building] INFO  o.a.m.s.f.DefaultMavenResourcesFiltering - skip non existing resourceDirectory C:\Users\anonh\eclipse-workspace\learn-spring-framework2\src\test\resources
2022-12-21 13:30:42,135 [Worker-2: Loading available Gradle versions] INFO  o.e.b.c.i.u.g.PublishedGradleVersions - Gradle version information cache is out-of-date. Trying to update.
2022-12-21 17:48:16,075 [Worker-48: Launching HelloWorldSpring] INFO  o.a.m.s.f.DefaultMavenResourcesFiltering - Copying 1 resource
2022-12-21 17:48:16,174 [Worker-48: Launching HelloWorldSpring] INFO  o.a.m.s.f.DefaultMavenResourcesFiltering - Copying 0 resource
2022-12-21 17:48:16,177 [Worker-48: Launching HelloWorldSpring] INFO  o.a.m.s.f.DefaultMavenResourcesFiltering - skip non existing resourceDirectory C:\Users\anonh\eclipse-workspace\learn-spring-framework2\src\test\resources
2022-12-21 17:53:45,066 [Worker-55: Building] INFO  o.a.m.s.f.DefaultMavenResourcesFiltering - Copying 1 resource
2022-12-21 17:53:45,071 [Worker-55: Building] INFO  o.a.m.s.f.DefaultMavenResourcesFiltering - Copying 0 resource
2022-12-21 17:53:45,074 [Worker-55: Building] INFO  o.a.m.s.f.DefaultMavenResourcesFiltering - skip non existing resourceDirectory C:\Users\anonh\eclipse-workspace\learn-spring-framework2\src\test\resources
2022-12-21 17:54:11,074 [Worker-55: Building] INFO  o.a.m.s.f.DefaultMavenResourcesFiltering - Copying 1 resource
2022-12-21 17:54:11,110 [Worker-55: Building] INFO  o.a.m.s.f.DefaultMavenResourcesFiltering - Copying 0 resource
2022-12-21 17:54:11,112 [Worker-55: Building] INFO  o.a.m.s.f.DefaultMavenResourcesFiltering - skip non existing resourceDirectory C:\Users\anonh\eclipse-workspace\learn-spring-framework2\src\test\resources
2022-12-21 17:59:17,398 [Worker-54: Building] INFO  o.a.m.s.f.DefaultMavenResourcesFiltering - Copying 1 resource
2022-12-21 17:59:17,428 [Worker-54: Building] INFO  o.a.m.s.f.DefaultMavenResourcesFiltering - Copying 0 resource
2022-12-21 17:59:17,428 [Worker-54: Building] INFO  o.a.m.s.f.DefaultMavenResourcesFiltering - skip non existing resourceDirectory C:\Users\anonh\eclipse-workspace\learn-spring-framework2\src\test\resources
2022-12-21 18:06:19,446 [Worker-60: Building] INFO  o.e.m.c.i.l.LifecycleMappingFactory - Using org.eclipse.m2e.jdt.JarLifecycleMapping lifecycle mapping for MavenProject: com.anon:learn-spring-framework:0.0.1-SNAPSHOT @ C:\Users\anonh\eclipse-workspace\App03-Gaming-spring-beans\pom.xml.
2022-12-21 18:06:19,863 [Worker-60: Building] INFO  o.a.m.s.f.DefaultMavenResourcesFiltering - Copying 1 resource
2022-12-21 18:06:19,875 [Worker-60: Building] INFO  o.a.m.s.f.DefaultMavenResourcesFiltering - Copying 0 resource
2022-12-21 18:06:19,878 [Worker-60: Building] INFO  o.a.m.s.f.DefaultMavenResourcesFiltering - skip non existing resourceDirectory C:\Users\anonh\eclipse-workspace\App03-Gaming-spring-beans\src\test\resources
2022-12-21 18:06:20,081 [Worker-62: Building] INFO  o.a.m.s.f.DefaultMavenResourcesFiltering - Copying 1 resource
2022-12-21 18:06:20,082 [Worker-62: Building] INFO  o.a.m.s.f.DefaultMavenResourcesFiltering - Copying 0 resource
2022-12-21 18:06:20,084 [Worker-62: Building] INFO  o.a.m.s.f.DefaultMavenResourcesFiltering - skip non existing resourceDirectory C:\Users\anonh\eclipse-workspace\App03-Gaming-spring-beans\src\test\resources
2022-12-21 18:08:15,439 [Worker-61: Building] INFO  o.a.m.s.f.DefaultMavenResourcesFiltering - Copying 1 resource
2022-12-21 18:08:15,445 [Worker-61: Building] INFO  o.a.m.s.f.DefaultMavenResourcesFiltering - Copying 0 resource
2022-12-21 18:08:15,448 [Worker-61: Building] INFO  o.a.m.s.f.DefaultMavenResourcesFiltering - skip non existing resourceDirectory C:\Users\anonh\eclipse-workspace\App03-Gaming-spring-beans\src\test\resources
2022-12-21 18:23:43,361 [Worker-66: Building] INFO  o.a.m.s.f.DefaultMavenResourcesFiltering - Copying 1 resource
2022-12-21 18:23:43,367 [Worker-66: Building] INFO  o.a.m.s.f.DefaultMavenResourcesFiltering - Copying 0 resource
2022-12-21 18:23:43,369 [Worker-66: Building] INFO  o.a.m.s.f.DefaultMavenResourcesFiltering - skip non existing resourceDirectory C:\Users\anonh\eclipse-workspace\App03-Gaming-spring-beans\src\test\resources
2022-12-21 18:24:23,363 [Worker-67: Launching AppGamingBasicJava (1)] INFO  o.a.m.s.f.DefaultMavenResourcesFiltering - Copying 1 resource
2022-12-21 18:24:23,369 [Worker-67: Launching AppGamingBasicJava (1)] INFO  o.a.m.s.f.DefaultMavenResourcesFiltering - Copying 0 resource
2022-12-21 18:24:23,372 [Worker-67: Launching AppGamingBasicJava (1)] INFO  o.a.m.s.f.DefaultMavenResourcesFiltering - skip non existing resourceDirectory C:\Users\anonh\eclipse-workspace\App03-Gaming-spring-beans\src\test\resources
2022-12-21 18:30:23,364 [Worker-69: Building] INFO  o.a.m.s.f.DefaultMavenResourcesFiltering - Copying 1 resource
2022-12-21 18:30:23,380 [Worker-69: Building] INFO  o.a.m.s.f.DefaultMavenResourcesFiltering - Copying 0 resource
2022-12-21 18:30:23,380 [Worker-69: Building] INFO  o.a.m.s.f.DefaultMavenResourcesFiltering - skip non existing resourceDirectory C:\Users\anonh\eclipse-workspace\App03-Gaming-spring-beans\src\test\resources
2022-12-21 18:31:18,448 [Worker-69: Building] INFO  o.a.m.s.f.DefaultMavenResourcesFiltering - Copying 1 resource
2022-12-21 18:31:18,453 [Worker-69: Building] INFO  o.a.m.s.f.DefaultMavenResourcesFiltering - Copying 0 resource
2022-12-21 18:31:18,455 [Worker-69: Building] INFO  o.a.m.s.f.DefaultMavenResourcesFiltering - skip non existing resourceDirectory C:\Users\anonh\eclipse-workspace\App03-Gaming-spring-beans\src\test\resources
2022-12-21 18:32:46,084 [Worker-73: Building] INFO  o.e.m.c.i.l.LifecycleMappingFactory - Using org.eclipse.m2e.jdt.JarLifecycleMapping lifecycle mapping for MavenProject: com.anon:learn-spring-framework:0.0.1-SNAPSHOT @ C:\Users\anonh\eclipse-workspace\App02-HelloWorld\pom.xml.
2022-12-21 18:32:46,291 [Worker-73: Building] INFO  o.a.m.s.f.DefaultMavenResourcesFiltering - Copying 1 resource
2022-12-21 18:32:46,301 [Worker-73: Building] INFO  o.a.m.s.f.DefaultMavenResourcesFiltering - Copying 0 resource
2022-12-21 18:32:46,304 [Worker-73: Building] INFO  o.a.m.s.f.DefaultMavenResourcesFiltering - skip non existing resourceDirectory C:\Users\anonh\eclipse-workspace\App02-HelloWorld\src\test\resources
2022-12-21 18:32:46,534 [Worker-75: Building] INFO  o.a.m.s.f.DefaultMavenResourcesFiltering - Copying 1 resource
2022-12-21 18:32:46,536 [Worker-75: Building] INFO  o.a.m.s.f.DefaultMavenResourcesFiltering - Copying 0 resource
2022-12-21 18:32:46,538 [Worker-75: Building] INFO  o.a.m.s.f.DefaultMavenResourcesFiltering - skip non existing resourceDirectory C:\Users\anonh\eclipse-workspace\App02-HelloWorld\src\test\resources
2022-12-21 18:33:31,315 [Worker-73: Building] INFO  o.e.m.c.i.l.LifecycleMappingFactory - Using org.eclipse.m2e.jdt.JarLifecycleMapping lifecycle mapping for MavenProject: com.anon:learn-spring-framework:0.0.1-SNAPSHOT @ C:\Users\anonh\Documents\Spring - in28Minutes\learn-spring-framework\pom.xml.
2022-12-21 18:33:31,541 [Worker-73: Building] INFO  o.a.m.s.f.DefaultMavenResourcesFiltering - Copying 1 resource
2022-12-21 18:33:31,551 [Worker-73: Building] INFO  o.a.m.s.f.DefaultMavenResourcesFiltering - Copying 0 resource
2022-12-21 18:33:31,553 [Worker-73: Building] INFO  o.a.m.s.f.DefaultMavenResourcesFiltering - skip non existing resourceDirectory C:\Users\anonh\Documents\Spring - in28Minutes\learn-spring-framework\src\test\resources
2022-12-21 18:33:31,763 [Worker-74: Building] INFO  o.a.m.s.f.DefaultMavenResourcesFiltering - Copying 1 resource
2022-12-21 18:33:31,764 [Worker-74: Building] INFO  o.a.m.s.f.DefaultMavenResourcesFiltering - Copying 0 resource
2022-12-21 18:33:31,767 [Worker-74: Building] INFO  o.a.m.s.f.DefaultMavenResourcesFiltering - skip non existing resourceDirectory C:\Users\anonh\Documents\Spring - in28Minutes\learn-spring-framework\src\test\resources
2022-12-22 09:18:36,501 [Worker-2: Loading available Gradle versions] INFO  o.e.b.c.i.u.g.PublishedGradleVersions - Gradle version information cache is up-to-date. Trying to read.
2022-12-22 09:19:47,885 [Worker-23: Building] INFO  o.a.m.s.f.DefaultMavenResourcesFiltering - Copying 1 resource
2022-12-22 09:19:47,898 [Worker-23: Building] INFO  o.a.m.s.f.DefaultMavenResourcesFiltering - Copying 0 resource
2022-12-22 09:19:47,901 [Worker-23: Building] INFO  o.a.m.s.f.DefaultMavenResourcesFiltering - skip non existing resourceDirectory C:\Users\anonh\eclipse-workspace\App03-Gaming-spring-beans\src\test\resources
2022-12-22 09:21:23,208 [Worker-6: Building] INFO  o.a.m.s.f.DefaultMavenResourcesFiltering - Copying 1 resource
2022-12-22 09:21:23,213 [Worker-6: Building] INFO  o.a.m.s.f.DefaultMavenResourcesFiltering - Copying 0 resource
2022-12-22 09:21:23,216 [Worker-6: Building] INFO  o.a.m.s.f.DefaultMavenResourcesFiltering - skip non existing resourceDirectory C:\Users\anonh\eclipse-workspace\App03-Gaming-spring-beans\src\test\resources
2022-12-22 09:21:40,237 [Worker-5: Building] INFO  o.a.m.s.f.DefaultMavenResourcesFiltering - Copying 1 resource
2022-12-22 09:21:40,242 [Worker-5: Building] INFO  o.a.m.s.f.DefaultMavenResourcesFiltering - Copying 0 resource
2022-12-22 09:21:40,245 [Worker-5: Building] INFO  o.a.m.s.f.DefaultMavenResourcesFiltering - skip non existing resourceDirectory C:\Users\anonh\eclipse-workspace\App03-Gaming-spring-beans\src\test\resources
2022-12-22 09:29:29,988 [Worker-5: Launching AppGamingBasicJava (1)] INFO  o.a.m.s.f.DefaultMavenResourcesFiltering - Copying 1 resource
2022-12-22 09:29:29,995 [Worker-5: Launching AppGamingBasicJava (1)] INFO  o.a.m.s.f.DefaultMavenResourcesFiltering - Copying 0 resource
2022-12-22 09:29:29,998 [Worker-5: Launching AppGamingBasicJava (1)] INFO  o.a.m.s.f.DefaultMavenResourcesFiltering - skip non existing resourceDirectory C:\Users\anonh\eclipse-workspace\App03-Gaming-spring-beans\src\test\resources
2022-12-22 09:30:46,525 [Worker-42: Launching AppGamingBasicJava (1)] INFO  o.a.m.s.f.DefaultMavenResourcesFiltering - Copying 1 resource
2022-12-22 09:30:46,531 [Worker-42: Launching AppGamingBasicJava (1)] INFO  o.a.m.s.f.DefaultMavenResourcesFiltering - Copying 0 resource
2022-12-22 09:30:46,533 [Worker-42: Launching AppGamingBasicJava (1)] INFO  o.a.m.s.f.DefaultMavenResourcesFiltering - skip non existing resourceDirectory C:\Users\anonh\eclipse-workspace\App03-Gaming-spring-beans\src\test\resources
2022-12-22 09:31:27,256 [Worker-38: Building] INFO  o.a.m.s.f.DefaultMavenResourcesFiltering - Copying 1 resource
2022-12-22 09:31:27,260 [Worker-38: Building] INFO  o.a.m.s.f.DefaultMavenResourcesFiltering - Copying 0 resource
2022-12-22 09:31:27,263 [Worker-38: Building] INFO  o.a.m.s.f.DefaultMavenResourcesFiltering - skip non existing resourceDirectory C:\Users\anonh\eclipse-workspace\App03-Gaming-spring-beans\src\test\resources
2022-12-22 09:31:53,331 [Worker-38: Building] INFO  o.a.m.s.f.DefaultMavenResourcesFiltering - Copying 1 resource
2022-12-22 09:31:53,337 [Worker-38: Building] INFO  o.a.m.s.f.DefaultMavenResourcesFiltering - Copying 0 resource
2022-12-22 09:31:53,339 [Worker-38: Building] INFO  o.a.m.s.f.DefaultMavenResourcesFiltering - skip non existing resourceDirectory C:\Users\anonh\eclipse-workspace\App03-Gaming-spring-beans\src\test\resources
2022-12-22 09:34:50,301 [Worker-44: Building] INFO  o.a.m.s.f.DefaultMavenResourcesFiltering - Copying 1 resource
2022-12-22 09:34:50,306 [Worker-44: Building] INFO  o.a.m.s.f.DefaultMavenResourcesFiltering - Copying 0 resource
2022-12-22 09:34:50,310 [Worker-44: Building] INFO  o.a.m.s.f.DefaultMavenResourcesFiltering - skip non existing resourceDirectory C:\Users\anonh\eclipse-workspace\App03-Gaming-spring-beans\src\test\resources
2022-12-22 09:34:55,362 [Worker-43: Launching App03GamingBasicJava (1)] INFO  o.a.m.s.f.DefaultMavenResourcesFiltering - Copying 1 resource
2022-12-22 09:34:55,395 [Worker-43: Launching App03GamingBasicJava (1)] INFO  o.a.m.s.f.DefaultMavenResourcesFiltering - Copying 0 resource
2022-12-22 09:34:55,397 [Worker-43: Launching App03GamingBasicJava (1)] INFO  o.a.m.s.f.DefaultMavenResourcesFiltering - skip non existing resourceDirectory C:\Users\anonh\eclipse-workspace\App03-Gaming-spring-beans\src\test\resources
2022-12-22 09:37:23,601 [Worker-47: Launching App03GamingBasicJava (1)] INFO  o.a.m.s.f.DefaultMavenResourcesFiltering - Copying 1 resource
2022-12-22 09:37:23,606 [Worker-47: Launching App03GamingBasicJava (1)] INFO  o.a.m.s.f.DefaultMavenResourcesFiltering - Copying 0 resource
2022-12-22 09:37:23,608 [Worker-47: Launching App03GamingBasicJava (1)] INFO  o.a.m.s.f.DefaultMavenResourcesFiltering - skip non existing resourceDirectory C:\Users\anonh\eclipse-workspace\App03-Gaming-spring-beans\src\test\resources
2022-12-22 09:42:35,717 [Worker-50: Building] INFO  o.a.m.s.f.DefaultMavenResourcesFiltering - Copying 1 resource
2022-12-22 09:42:35,721 [Worker-50: Building] INFO  o.a.m.s.f.DefaultMavenResourcesFiltering - Copying 0 resource
2022-12-22 09:42:35,723 [Worker-50: Building] INFO  o.a.m.s.f.DefaultMavenResourcesFiltering - skip non existing resourceDirectory C:\Users\anonh\eclipse-workspace\App03-Gaming-spring-beans\src\test\resources
2022-12-22 09:43:16,363 [Worker-47: Building] INFO  o.a.m.s.f.DefaultMavenResourcesFiltering - Copying 1 resource
2022-12-22 09:43:16,368 [Worker-47: Building] INFO  o.a.m.s.f.DefaultMavenResourcesFiltering - Copying 0 resource
2022-12-22 09:43:16,370 [Worker-47: Building] INFO  o.a.m.s.f.DefaultMavenResourcesFiltering - skip non existing resourceDirectory C:\Users\anonh\eclipse-workspace\App03-Gaming-spring-beans\src\test\resources
2022-12-22 09:47:39,476 [Worker-53: Building] INFO  o.a.m.s.f.DefaultMavenResourcesFiltering - Copying 1 resource
2022-12-22 09:47:39,481 [Worker-53: Building] INFO  o.a.m.s.f.DefaultMavenResourcesFiltering - Copying 0 resource
2022-12-22 09:47:39,483 [Worker-53: Building] INFO  o.a.m.s.f.DefaultMavenResourcesFiltering - skip non existing resourceDirectory C:\Users\anonh\eclipse-workspace\App03-Gaming-spring-beans\src\test\resources
2022-12-22 09:47:43,831 [Worker-53: Launching App03GamingBasicJava (1)] INFO  o.a.m.s.f.DefaultMavenResourcesFiltering - Copying 1 resource
2022-12-22 09:47:43,838 [Worker-53: Launching App03GamingBasicJava (1)] INFO  o.a.m.s.f.DefaultMavenResourcesFiltering - Copying 0 resource
2022-12-22 09:47:43,840 [Worker-53: Launching App03GamingBasicJava (1)] INFO  o.a.m.s.f.DefaultMavenResourcesFiltering - skip non existing resourceDirectory C:\Users\anonh\eclipse-workspace\App03-Gaming-spring-beans\src\test\resources
2022-12-22 10:04:52,818 [Worker-58: Building] INFO  o.a.m.s.f.DefaultMavenResourcesFiltering - Copying 1 resource
2022-12-22 10:04:52,823 [Worker-58: Building] INFO  o.a.m.s.f.DefaultMavenResourcesFiltering - Copying 0 resource
2022-12-22 10:04:52,825 [Worker-58: Building] INFO  o.a.m.s.f.DefaultMavenResourcesFiltering - skip non existing resourceDirectory C:\Users\anonh\eclipse-workspace\App03-Gaming-spring-beans\src\test\resources
2022-12-22 10:06:33,748 [Worker-58: Building] INFO  o.a.m.s.f.DefaultMavenResourcesFiltering - Copying 1 resource
2022-12-22 10:06:33,752 [Worker-58: Building] INFO  o.a.m.s.f.DefaultMavenResourcesFiltering - Copying 0 resource
2022-12-22 10:06:33,754 [Worker-58: Building] INFO  o.a.m.s.f.DefaultMavenResourcesFiltering - skip non existing resourceDirectory C:\Users\anonh\eclipse-workspace\App03-Gaming-spring-beans\src\test\resources
2022-12-22 10:06:36,403 [Worker-56: Building] INFO  o.a.m.s.f.DefaultMavenResourcesFiltering - Copying 1 resource
2022-12-22 10:06:36,408 [Worker-56: Building] INFO  o.a.m.s.f.DefaultMavenResourcesFiltering - Copying 0 resource
2022-12-22 10:06:36,409 [Worker-56: Building] INFO  o.a.m.s.f.DefaultMavenResourcesFiltering - skip non existing resourceDirectory C:\Users\anonh\eclipse-workspace\App03-Gaming-spring-beans\src\test\resources
2022-12-22 10:32:55,352 [Worker-59: Building] INFO  o.a.m.s.f.DefaultMavenResourcesFiltering - Copying 1 resource
2022-12-22 10:32:55,362 [Worker-59: Building] INFO  o.a.m.s.f.DefaultMavenResourcesFiltering - Copying 0 resource
2022-12-22 10:32:55,364 [Worker-59: Building] INFO  o.a.m.s.f.DefaultMavenResourcesFiltering - skip non existing resourceDirectory C:\Users\anonh\eclipse-workspace\App03-Gaming-spring-beans\src\test\resources
2022-12-22 10:33:59,755 [Worker-58: Building] INFO  o.a.m.s.f.DefaultMavenResourcesFiltering - Copying 1 resource
2022-12-22 10:33:59,764 [Worker-58: Building] INFO  o.a.m.s.f.DefaultMavenResourcesFiltering - Copying 0 resource
2022-12-22 10:33:59,766 [Worker-58: Building] INFO  o.a.m.s.f.DefaultMavenResourcesFiltering - skip non existing resourceDirectory C:\Users\anonh\eclipse-workspace\App03-Gaming-spring-beans\src\test\resources
2022-12-22 10:34:28,495 [Worker-55: Building] INFO  o.a.m.s.f.DefaultMavenResourcesFiltering - Copying 1 resource
2022-12-22 10:34:28,499 [Worker-55: Building] INFO  o.a.m.s.f.DefaultMavenResourcesFiltering - Copying 0 resource
2022-12-22 10:34:28,501 [Worker-55: Building] INFO  o.a.m.s.f.DefaultMavenResourcesFiltering - skip non existing resourceDirectory C:\Users\anonh\eclipse-workspace\App03-Gaming-spring-beans\src\test\resources
2022-12-22 10:35:48,145 [Worker-61: Building] INFO  o.a.m.s.f.DefaultMavenResourcesFiltering - Copying 1 resource
2022-12-22 10:35:48,150 [Worker-61: Building] INFO  o.a.m.s.f.DefaultMavenResourcesFiltering - Copying 0 resource
2022-12-22 10:35:48,152 [Worker-61: Building] INFO  o.a.m.s.f.DefaultMavenResourcesFiltering - skip non existing resourceDirectory C:\Users\anonh\eclipse-workspace\App03-Gaming-spring-beans\src\test\resources
2022-12-22 10:39:14,672 [Worker-60: Building Workspace] INFO  o.a.m.s.f.DefaultMavenResourcesFiltering - Copying 1 resource
2022-12-22 10:39:14,676 [Worker-60: Building Workspace] INFO  o.a.m.s.f.DefaultMavenResourcesFiltering - Copying 0 resource
2022-12-22 10:39:14,678 [Worker-60: Building Workspace] INFO  o.a.m.s.f.DefaultMavenResourcesFiltering - skip non existing resourceDirectory C:\Users\anonh\eclipse-workspace\App03-Gaming-spring-beans\src\test\resources
2022-12-22 10:40:59,091 [Worker-60: Launching DepInjectionLauncherApplication (1)] INFO  o.a.m.s.f.DefaultMavenResourcesFiltering - Copying 1 resource
2022-12-22 10:40:59,106 [Worker-60: Launching DepInjectionLauncherApplication (1)] INFO  o.a.m.s.f.DefaultMavenResourcesFiltering - Copying 0 resource
2022-12-22 10:40:59,109 [Worker-60: Launching DepInjectionLauncherApplication (1)] INFO  o.a.m.s.f.DefaultMavenResourcesFiltering - skip non existing resourceDirectory C:\Users\anonh\eclipse-workspace\App03-Gaming-spring-beans\src\test\resources
2022-12-22 10:41:35,078 [Worker-62: Building] INFO  o.a.m.s.f.DefaultMavenResourcesFiltering - Copying 1 resource
2022-12-22 10:41:35,090 [Worker-62: Building] INFO  o.a.m.s.f.DefaultMavenResourcesFiltering - Copying 0 resource
2022-12-22 10:41:35,094 [Worker-62: Building] INFO  o.a.m.s.f.DefaultMavenResourcesFiltering - skip non existing resourceDirectory C:\Users\anonh\eclipse-workspace\App03-Gaming-spring-beans\src\test\resources
2022-12-22 10:42:29,322 [Worker-64: Building] INFO  o.a.m.s.f.DefaultMavenResourcesFiltering - Copying 1 resource
2022-12-22 10:42:29,326 [Worker-64: Building] INFO  o.a.m.s.f.DefaultMavenResourcesFiltering - Copying 0 resource
2022-12-22 10:42:29,328 [Worker-64: Building] INFO  o.a.m.s.f.DefaultMavenResourcesFiltering - skip non existing resourceDirectory C:\Users\anonh\eclipse-workspace\App03-Gaming-spring-beans\src\test\resources
2022-12-22 10:46:19,801 [Worker-66: Building] INFO  o.a.m.s.f.DefaultMavenResourcesFiltering - Copying 1 resource
2022-12-22 10:46:19,806 [Worker-66: Building] INFO  o.a.m.s.f.DefaultMavenResourcesFiltering - Copying 0 resource
2022-12-22 10:46:19,808 [Worker-66: Building] INFO  o.a.m.s.f.DefaultMavenResourcesFiltering - skip non existing resourceDirectory C:\Users\anonh\eclipse-workspace\App03-Gaming-spring-beans\src\test\resources
2022-12-22 10:53:45,819 [Worker-72: Launching DepInjectionLauncherApplication (1)] INFO  o.a.m.s.f.DefaultMavenResourcesFiltering - Copying 1 resource
2022-12-22 10:53:45,825 [Worker-72: Launching DepInjectionLauncherApplication (1)] INFO  o.a.m.s.f.DefaultMavenResourcesFiltering - Copying 0 resource
2022-12-22 10:53:45,826 [Worker-72: Launching DepInjectionLauncherApplication (1)] INFO  o.a.m.s.f.DefaultMavenResourcesFiltering - skip non existing resourceDirectory C:\Users\anonh\eclipse-workspace\App03-Gaming-spring-beans\src\test\resources
2022-12-22 10:56:40,982 [Worker-73: Building] INFO  o.a.m.s.f.DefaultMavenResourcesFiltering - Copying 1 resource
2022-12-22 10:56:40,986 [Worker-73: Building] INFO  o.a.m.s.f.DefaultMavenResourcesFiltering - Copying 0 resource
2022-12-22 10:56:40,988 [Worker-73: Building] INFO  o.a.m.s.f.DefaultMavenResourcesFiltering - skip non existing resourceDirectory C:\Users\anonh\eclipse-workspace\App03-Gaming-spring-beans\src\test\resources
2022-12-22 10:58:40,133 [Worker-78: Building] INFO  o.a.m.s.f.DefaultMavenResourcesFiltering - Copying 1 resource
2022-12-22 10:58:40,137 [Worker-78: Building] INFO  o.a.m.s.f.DefaultMavenResourcesFiltering - Copying 0 resource
2022-12-22 10:58:40,139 [Worker-78: Building] INFO  o.a.m.s.f.DefaultMavenResourcesFiltering - skip non existing resourceDirectory C:\Users\anonh\eclipse-workspace\App03-Gaming-spring-beans\src\test\resources
2022-12-22 11:19:12,722 [Worker-79: Launching DepInjectionLauncherApplication (1)] INFO  o.a.m.s.f.DefaultMavenResourcesFiltering - Copying 1 resource
2022-12-22 11:19:12,731 [Worker-79: Launching DepInjectionLauncherApplication (1)] INFO  o.a.m.s.f.DefaultMavenResourcesFiltering - Copying 0 resource
2022-12-22 11:19:12,733 [Worker-79: Launching DepInjectionLauncherApplication (1)] INFO  o.a.m.s.f.DefaultMavenResourcesFiltering - skip non existing resourceDirectory C:\Users\anonh\eclipse-workspace\App03-Gaming-spring-beans\src\test\resources
2022-12-22 11:20:31,074 [Worker-80: Launching DepInjectionLauncherApplication (1)] INFO  o.a.m.s.f.DefaultMavenResourcesFiltering - Copying 1 resource
2022-12-22 11:20:31,078 [Worker-80: Launching DepInjectionLauncherApplication (1)] INFO  o.a.m.s.f.DefaultMavenResourcesFiltering - Copying 0 resource
2022-12-22 11:20:31,081 [Worker-80: Launching DepInjectionLauncherApplication (1)] INFO  o.a.m.s.f.DefaultMavenResourcesFiltering - skip non existing resourceDirectory C:\Users\anonh\eclipse-workspace\App03-Gaming-spring-beans\src\test\resources
2022-12-22 11:21:09,565 [Worker-80: Launching DepInjectionLauncherApplication (1)] INFO  o.a.m.s.f.DefaultMavenResourcesFiltering - Copying 1 resource
2022-12-22 11:21:09,570 [Worker-80: Launching DepInjectionLauncherApplication (1)] INFO  o.a.m.s.f.DefaultMavenResourcesFiltering - Copying 0 resource
2022-12-22 11:21:09,572 [Worker-80: Launching DepInjectionLauncherApplication (1)] INFO  o.a.m.s.f.DefaultMavenResourcesFiltering - skip non existing resourceDirectory C:\Users\anonh\eclipse-workspace\App03-Gaming-spring-beans\src\test\resources
2022-12-22 11:22:29,189 [Worker-79: Building] INFO  o.a.m.s.f.DefaultMavenResourcesFiltering - Copying 1 resource
2022-12-22 11:22:29,194 [Worker-79: Building] INFO  o.a.m.s.f.DefaultMavenResourcesFiltering - Copying 0 resource
2022-12-22 11:22:29,195 [Worker-79: Building] INFO  o.a.m.s.f.DefaultMavenResourcesFiltering - skip non existing resourceDirectory C:\Users\anonh\eclipse-workspace\App03-Gaming-spring-beans\src\test\resources
2022-12-22 12:54:29,269 [Worker-83: Building] INFO  o.a.m.s.f.DefaultMavenResourcesFiltering - Copying 1 resource
2022-12-22 12:54:29,279 [Worker-83: Building] INFO  o.a.m.s.f.DefaultMavenResourcesFiltering - Copying 0 resource
2022-12-22 12:54:29,281 [Worker-83: Building] INFO  o.a.m.s.f.DefaultMavenResourcesFiltering - skip non existing resourceDirectory C:\Users\anonh\eclipse-workspace\App03-Gaming-spring-beans\src\test\resources
2022-12-22 12:57:01,752 [Worker-86: Building] INFO  o.e.m.c.i.l.LifecycleMappingFactory - Using org.eclipse.m2e.jdt.JarLifecycleMapping lifecycle mapping for MavenProject: com.anon:learn-spring-framework:0.0.1-SNAPSHOT @ C:\Users\anonh\eclipse-workspace\EX01-BusinessCalculationService\pom.xml.
2022-12-22 12:57:01,984 [Worker-86: Building] INFO  o.a.m.s.f.DefaultMavenResourcesFiltering - Copying 1 resource
2022-12-22 12:57:01,996 [Worker-86: Building] INFO  o.a.m.s.f.DefaultMavenResourcesFiltering - Copying 0 resource
2022-12-22 12:57:01,998 [Worker-86: Building] INFO  o.a.m.s.f.DefaultMavenResourcesFiltering - skip non existing resourceDirectory C:\Users\anonh\eclipse-workspace\EX01-BusinessCalculationService\src\test\resources
2022-12-22 12:57:03,143 [Worker-89: Building] INFO  o.a.m.s.f.DefaultMavenResourcesFiltering - Copying 1 resource
2022-12-22 12:57:03,144 [Worker-89: Building] INFO  o.a.m.s.f.DefaultMavenResourcesFiltering - Copying 0 resource
2022-12-22 12:57:03,145 [Worker-89: Building] INFO  o.a.m.s.f.DefaultMavenResourcesFiltering - skip non existing resourceDirectory C:\Users\anonh\eclipse-workspace\EX01-BusinessCalculationService\src\test\resources
2022-12-22 12:57:11,489 [Worker-86: Building] INFO  o.a.m.s.f.DefaultMavenResourcesFiltering - Copying 1 resource
2022-12-22 12:57:11,494 [Worker-86: Building] INFO  o.a.m.s.f.DefaultMavenResourcesFiltering - Copying 0 resource
2022-12-22 12:57:11,496 [Worker-86: Building] INFO  o.a.m.s.f.DefaultMavenResourcesFiltering - skip non existing resourceDirectory C:\Users\anonh\eclipse-workspace\EX01-BusinessCalculationService\src\test\resources
2022-12-22 12:57:15,589 [Worker-86: Building] INFO  o.a.m.s.f.DefaultMavenResourcesFiltering - Copying 1 resource
2022-12-22 12:57:15,594 [Worker-86: Building] INFO  o.a.m.s.f.DefaultMavenResourcesFiltering - Copying 0 resource
2022-12-22 12:57:15,596 [Worker-86: Building] INFO  o.a.m.s.f.DefaultMavenResourcesFiltering - skip non existing resourceDirectory C:\Users\anonh\eclipse-workspace\EX01-BusinessCalculationService\src\test\resources
2022-12-22 12:57:47,441 [Worker-83: Building] INFO  o.a.m.s.f.DefaultMavenResourcesFiltering - Copying 1 resource
2022-12-22 12:57:47,454 [Worker-83: Building] INFO  o.a.m.s.f.DefaultMavenResourcesFiltering - Copying 0 resource
2022-12-22 12:57:47,456 [Worker-83: Building] INFO  o.a.m.s.f.DefaultMavenResourcesFiltering - skip non existing resourceDirectory C:\Users\anonh\eclipse-workspace\EX01-BusinessCalculationService\src\test\resources
2022-12-22 12:59:07,859 [Worker-88: Building] INFO  o.a.m.s.f.DefaultMavenResourcesFiltering - Copying 1 resource
2022-12-22 12:59:07,896 [Worker-88: Building] INFO  o.a.m.s.f.DefaultMavenResourcesFiltering - Copying 0 resource
2022-12-22 12:59:07,897 [Worker-88: Building] INFO  o.a.m.s.f.DefaultMavenResourcesFiltering - skip non existing resourceDirectory C:\Users\anonh\eclipse-workspace\EX01-BusinessCalculationService\src\test\resources
2022-12-22 12:59:31,566 [Worker-81: Building] INFO  o.a.m.s.f.DefaultMavenResourcesFiltering - Copying 1 resource
2022-12-22 12:59:31,596 [Worker-81: Building] INFO  o.a.m.s.f.DefaultMavenResourcesFiltering - Copying 0 resource
2022-12-22 12:59:31,598 [Worker-81: Building] INFO  o.a.m.s.f.DefaultMavenResourcesFiltering - skip non existing resourceDirectory C:\Users\anonh\eclipse-workspace\EX01-BusinessCalculationService\src\test\resources
2022-12-22 13:00:48,456 [Worker-89: Building] INFO  o.a.m.s.f.DefaultMavenResourcesFiltering - Copying 1 resource
2022-12-22 13:00:48,468 [Worker-89: Building] INFO  o.a.m.s.f.DefaultMavenResourcesFiltering - Copying 0 resource
2022-12-22 13:00:48,470 [Worker-89: Building] INFO  o.a.m.s.f.DefaultMavenResourcesFiltering - skip non existing resourceDirectory C:\Users\anonh\eclipse-workspace\EX01-BusinessCalculationService\src\test\resources
2022-12-22 13:01:18,344 [Worker-81: Building] INFO  o.a.m.s.f.DefaultMavenResourcesFiltering - Copying 1 resource
2022-12-22 13:01:18,357 [Worker-81: Building] INFO  o.a.m.s.f.DefaultMavenResourcesFiltering - Copying 0 resource
2022-12-22 13:01:18,359 [Worker-81: Building] INFO  o.a.m.s.f.DefaultMavenResourcesFiltering - skip non existing resourceDirectory C:\Users\anonh\eclipse-workspace\EX01-BusinessCalculationService\src\test\resources
2022-12-22 13:03:21,431 [Worker-83: Building] INFO  o.a.m.s.f.DefaultMavenResourcesFiltering - Copying 1 resource
2022-12-22 13:03:21,457 [Worker-83: Building] INFO  o.a.m.s.f.DefaultMavenResourcesFiltering - Copying 0 resource
2022-12-22 13:03:21,459 [Worker-83: Building] INFO  o.a.m.s.f.DefaultMavenResourcesFiltering - skip non existing resourceDirectory C:\Users\anonh\eclipse-workspace\EX01-BusinessCalculationService\src\test\resources
2022-12-22 13:03:57,629 [Worker-81: Building] INFO  o.a.m.s.f.DefaultMavenResourcesFiltering - Copying 1 resource
2022-12-22 13:03:57,652 [Worker-81: Building] INFO  o.a.m.s.f.DefaultMavenResourcesFiltering - Copying 0 resource
2022-12-22 13:03:57,654 [Worker-81: Building] INFO  o.a.m.s.f.DefaultMavenResourcesFiltering - skip non existing resourceDirectory C:\Users\anonh\eclipse-workspace\EX01-BusinessCalculationService\src\test\resources
2022-12-22 13:04:51,735 [Worker-81: Building] INFO  o.a.m.s.f.DefaultMavenResourcesFiltering - Copying 1 resource
2022-12-22 13:04:51,749 [Worker-81: Building] INFO  o.a.m.s.f.DefaultMavenResourcesFiltering - Copying 0 resource
2022-12-22 13:04:51,751 [Worker-81: Building] INFO  o.a.m.s.f.DefaultMavenResourcesFiltering - skip non existing resourceDirectory C:\Users\anonh\eclipse-workspace\EX01-BusinessCalculationService\src\test\resources
2022-12-22 13:16:55,315 [Worker-91: Building] INFO  o.a.m.s.f.DefaultMavenResourcesFiltering - Copying 1 resource
2022-12-22 13:16:55,329 [Worker-91: Building] INFO  o.a.m.s.f.DefaultMavenResourcesFiltering - Copying 0 resource
2022-12-22 13:16:55,332 [Worker-91: Building] INFO  o.a.m.s.f.DefaultMavenResourcesFiltering - skip non existing resourceDirectory C:\Users\anonh\eclipse-workspace\EX01-BusinessCalculationService\src\test\resources
2022-12-22 13:17:54,283 [Worker-93: Building] INFO  o.a.m.s.f.DefaultMavenResourcesFiltering - Copying 1 resource
2022-12-22 13:17:54,294 [Worker-93: Building] INFO  o.a.m.s.f.DefaultMavenResourcesFiltering - Copying 0 resource
2022-12-22 13:17:54,296 [Worker-93: Building] INFO  o.a.m.s.f.DefaultMavenResourcesFiltering - skip non existing resourceDirectory C:\Users\anonh\eclipse-workspace\EX01-BusinessCalculationService\src\test\resources
2022-12-22 13:18:22,396 [Worker-92: Building] INFO  o.a.m.s.f.DefaultMavenResourcesFiltering - Copying 1 resource
2022-12-22 13:18:22,416 [Worker-92: Building] INFO  o.a.m.s.f.DefaultMavenResourcesFiltering - Copying 0 resource
2022-12-22 13:18:22,418 [Worker-92: Building] INFO  o.a.m.s.f.DefaultMavenResourcesFiltering - skip non existing resourceDirectory C:\Users\anonh\eclipse-workspace\EX01-BusinessCalculationService\src\test\resources
2022-12-22 13:23:47,580 [Worker-86: Building] INFO  o.a.m.s.f.DefaultMavenResourcesFiltering - Copying 1 resource
2022-12-22 13:23:47,585 [Worker-86: Building] INFO  o.a.m.s.f.DefaultMavenResourcesFiltering - Copying 0 resource
2022-12-22 13:23:47,589 [Worker-86: Building] INFO  o.a.m.s.f.DefaultMavenResourcesFiltering - skip non existing resourceDirectory C:\Users\anonh\eclipse-workspace\EX01-BusinessCalculationService\src\test\resources
2022-12-22 13:24:04,666 [Worker-94: Building] INFO  o.a.m.s.f.DefaultMavenResourcesFiltering - Copying 1 resource
2022-12-22 13:24:04,672 [Worker-94: Building] INFO  o.a.m.s.f.DefaultMavenResourcesFiltering - Copying 0 resource
2022-12-22 13:24:04,673 [Worker-94: Building] INFO  o.a.m.s.f.DefaultMavenResourcesFiltering - skip non existing resourceDirectory C:\Users\anonh\eclipse-workspace\EX01-BusinessCalculationService\src\test\resources
2022-12-22 13:25:35,175 [Worker-94: Launching EX01] INFO  o.a.m.s.f.DefaultMavenResourcesFiltering - Copying 1 resource
2022-12-22 13:25:35,181 [Worker-94: Launching EX01] INFO  o.a.m.s.f.DefaultMavenResourcesFiltering - Copying 0 resource
2022-12-22 13:25:35,182 [Worker-94: Launching EX01] INFO  o.a.m.s.f.DefaultMavenResourcesFiltering - skip non existing resourceDirectory C:\Users\anonh\eclipse-workspace\EX01-BusinessCalculationService\src\test\resources
2022-12-22 13:26:04,847 [Worker-99: Launching EX01] INFO  o.a.m.s.f.DefaultMavenResourcesFiltering - Copying 1 resource
2022-12-22 13:26:04,852 [Worker-99: Launching EX01] INFO  o.a.m.s.f.DefaultMavenResourcesFiltering - Copying 0 resource
2022-12-22 13:26:04,854 [Worker-99: Launching EX01] INFO  o.a.m.s.f.DefaultMavenResourcesFiltering - skip non existing resourceDirectory C:\Users\anonh\eclipse-workspace\EX01-BusinessCalculationService\src\test\resources
2022-12-22 13:26:29,708 [Worker-99: Building] INFO  o.a.m.s.f.DefaultMavenResourcesFiltering - Copying 1 resource
2022-12-22 13:26:29,714 [Worker-99: Building] INFO  o.a.m.s.f.DefaultMavenResourcesFiltering - Copying 0 resource
2022-12-22 13:26:29,716 [Worker-99: Building] INFO  o.a.m.s.f.DefaultMavenResourcesFiltering - skip non existing resourceDirectory C:\Users\anonh\eclipse-workspace\EX01-BusinessCalculationService\src\test\resources
2022-12-22 13:26:38,050 [Worker-94: Building] INFO  o.a.m.s.f.DefaultMavenResourcesFiltering - Copying 1 resource
2022-12-22 13:26:38,054 [Worker-94: Building] INFO  o.a.m.s.f.DefaultMavenResourcesFiltering - Copying 0 resource
2022-12-22 13:26:38,056 [Worker-94: Building] INFO  o.a.m.s.f.DefaultMavenResourcesFiltering - skip non existing resourceDirectory C:\Users\anonh\eclipse-workspace\EX01-BusinessCalculationService\src\test\resources
2022-12-22 13:29:22,271 [Worker-98: Launching EX01] INFO  o.a.m.s.f.DefaultMavenResourcesFiltering - Copying 1 resource
2022-12-22 13:29:22,277 [Worker-98: Launching EX01] INFO  o.a.m.s.f.DefaultMavenResourcesFiltering - Copying 0 resource
2022-12-22 13:29:22,279 [Worker-98: Launching EX01] INFO  o.a.m.s.f.DefaultMavenResourcesFiltering - skip non existing resourceDirectory C:\Users\anonh\eclipse-workspace\EX01-BusinessCalculationService\src\test\resources
2022-12-22 15:14:58,129 [Worker-103: Building] INFO  o.a.m.s.f.DefaultMavenResourcesFiltering - Copying 1 resource
2022-12-22 15:14:58,177 [Worker-103: Building] INFO  o.a.m.s.f.DefaultMavenResourcesFiltering - Copying 0 resource
2022-12-22 15:14:58,180 [Worker-103: Building] INFO  o.a.m.s.f.DefaultMavenResourcesFiltering - skip non existing resourceDirectory C:\Users\anonh\eclipse-workspace\App03-Gaming-spring-beans\src\test\resources
2022-12-22 15:15:47,269 [Worker-102: Building] INFO  o.a.m.s.f.DefaultMavenResourcesFiltering - Copying 1 resource
2022-12-22 15:15:47,287 [Worker-102: Building] INFO  o.a.m.s.f.DefaultMavenResourcesFiltering - Copying 0 resource
2022-12-22 15:15:47,289 [Worker-102: Building] INFO  o.a.m.s.f.DefaultMavenResourcesFiltering - skip non existing resourceDirectory C:\Users\anonh\eclipse-workspace\App03-Gaming-spring-beans\src\test\resources
2022-12-22 15:27:32,255 [Worker-107: Building] INFO  o.a.m.s.f.DefaultMavenResourcesFiltering - Copying 1 resource
2022-12-22 15:27:32,270 [Worker-107: Building] INFO  o.a.m.s.f.DefaultMavenResourcesFiltering - Copying 0 resource
2022-12-22 15:27:32,272 [Worker-107: Building] INFO  o.a.m.s.f.DefaultMavenResourcesFiltering - skip non existing resourceDirectory C:\Users\anonh\eclipse-workspace\App03-Gaming-spring-beans\src\test\resources
2022-12-22 15:31:08,562 [Worker-104: Building] INFO  o.a.m.s.f.DefaultMavenResourcesFiltering - Copying 1 resource
2022-12-22 15:31:08,592 [Worker-104: Building] INFO  o.a.m.s.f.DefaultMavenResourcesFiltering - Copying 0 resource
2022-12-22 15:31:08,595 [Worker-104: Building] INFO  o.a.m.s.f.DefaultMavenResourcesFiltering - skip non existing resourceDirectory C:\Users\anonh\eclipse-workspace\App03-Gaming-spring-beans\src\test\resources
2022-12-22 17:53:43,003 [Worker-1: Loading available Gradle versions] INFO  o.e.b.c.i.u.g.PublishedGradleVersions - Gradle version information cache is out-of-date. Trying to update.
2022-12-22 18:07:15,419 [Worker-15: Launching LazyInitializationLauncherApplication] INFO  o.a.m.s.f.DefaultMavenResourcesFiltering - Copying 1 resource
2022-12-22 18:07:15,438 [Worker-15: Launching LazyInitializationLauncherApplication] INFO  o.a.m.s.f.DefaultMavenResourcesFiltering - Copying 0 resource
2022-12-22 18:07:15,443 [Worker-15: Launching LazyInitializationLauncherApplication] INFO  o.a.m.s.f.DefaultMavenResourcesFiltering - skip non existing resourceDirectory C:\Users\anonh\eclipse-workspace\App03-Gaming-spring-beans\src\test\resources
2022-12-22 18:16:38,318 [Worker-42: Launching LazyInitializationLauncherApplication] INFO  o.a.m.s.f.DefaultMavenResourcesFiltering - Copying 1 resource
2022-12-22 18:16:38,325 [Worker-42: Launching LazyInitializationLauncherApplication] INFO  o.a.m.s.f.DefaultMavenResourcesFiltering - Copying 0 resource
2022-12-22 18:16:38,328 [Worker-42: Launching LazyInitializationLauncherApplication] INFO  o.a.m.s.f.DefaultMavenResourcesFiltering - skip non existing resourceDirectory C:\Users\anonh\eclipse-workspace\App03-Gaming-spring-beans\src\test\resources
2022-12-22 18:17:07,087 [Worker-40: Launching LazyInitializationLauncherApplication] INFO  o.a.m.s.f.DefaultMavenResourcesFiltering - Copying 1 resource
2022-12-22 18:17:07,092 [Worker-40: Launching LazyInitializationLauncherApplication] INFO  o.a.m.s.f.DefaultMavenResourcesFiltering - Copying 0 resource
2022-12-22 18:17:07,096 [Worker-40: Launching LazyInitializationLauncherApplication] INFO  o.a.m.s.f.DefaultMavenResourcesFiltering - skip non existing resourceDirectory C:\Users\anonh\eclipse-workspace\App03-Gaming-spring-beans\src\test\resources
2022-12-22 18:37:54,796 [Worker-42: Building] INFO  o.a.m.s.f.DefaultMavenResourcesFiltering - Copying 1 resource
2022-12-22 18:37:54,824 [Worker-42: Building] INFO  o.a.m.s.f.DefaultMavenResourcesFiltering - Copying 0 resource
2022-12-22 18:37:54,827 [Worker-42: Building] INFO  o.a.m.s.f.DefaultMavenResourcesFiltering - skip non existing resourceDirectory C:\Users\anonh\eclipse-workspace\App03-Gaming-spring-beans\src\test\resources
2022-12-22 18:38:27,243 [Worker-48: Building] INFO  o.a.m.s.f.DefaultMavenResourcesFiltering - Copying 1 resource
2022-12-22 18:38:27,250 [Worker-48: Building] INFO  o.a.m.s.f.DefaultMavenResourcesFiltering - Copying 0 resource
2022-12-22 18:38:27,252 [Worker-48: Building] INFO  o.a.m.s.f.DefaultMavenResourcesFiltering - skip non existing resourceDirectory C:\Users\anonh\eclipse-workspace\App03-Gaming-spring-beans\src\test\resources
2022-12-22 19:12:06,039 [Worker-49: Building] INFO  o.a.m.s.f.DefaultMavenResourcesFiltering - Copying 1 resource
2022-12-22 19:12:06,051 [Worker-49: Building] INFO  o.a.m.s.f.DefaultMavenResourcesFiltering - Copying 0 resource
2022-12-22 19:12:06,053 [Worker-49: Building] INFO  o.a.m.s.f.DefaultMavenResourcesFiltering - skip non existing resourceDirectory C:\Users\anonh\eclipse-workspace\App03-Gaming-spring-beans\src\test\resources
